<?xml version="1.0" encoding="UTF-8"?>
<!-- Generated by org.testng.reporters.JUnitReportReporter -->
<testsuite hostname="DHANAPPA" failures="0" tests="7" name="api.Rest_Assured.Header_Cookies" time="5.549" errors="0" timestamp="02 Apr 2023 05:17:55 GMT" skipped="0">
  <testcase classname="api.Rest_Assured.Header_Cookies" name="extract_response_headers" time="0.590"/>
  <testcase classname="api.Rest_Assured.Header_Cookies" name="sending_header_request_object" time="0.605"/>
  <testcase classname="api.Rest_Assured.Header_Cookies" name="sending_cookies_using_builder" time="0.617"/>
  <testcase classname="api.Rest_Assured.Header_Cookies" name="extract_response_cookies" time="1.987"/>
  <testcase classname="api.Rest_Assured.Header_Cookies" name="sending_cookie_request" time="0.611"/>
  <testcase classname="api.Rest_Assured.Header_Cookies" name="sending_request_header" time="0.517"/>
  <testcase classname="api.Rest_Assured.Header_Cookies" name="validate_response_header" time="0.622"/>
</testsuite> <!-- api.Rest_Assured.Header_Cookies -->
