<?xml version="1.0" encoding="UTF-8"?>
<!-- Generated by org.testng.reporters.JUnitReportReporter -->
<testsuite hostname="Nadim-Mahmud" failures="0" tests="1" name="api.Rest_Assured.Auth" time="3.685" errors="0" timestamp="17 Mar 2022 15:00:48 GMT" skipped="0">
  <testcase classname="api.Rest_Assured.Auth" name="digest_authentication" time="3.685"/>
</testsuite> <!-- api.Rest_Assured.Auth -->
