<?xml version="1.0" encoding="UTF-8"?>
<!-- Generated by org.testng.reporters.JUnitReportReporter -->
<testsuite hostname="Nadim-Mahmud" failures="0" tests="6" name="api.Rest_Assured.Get_Request" time="5.618" errors="0" timestamp="17 Mar 2022 15:01:17 GMT" skipped="0">
  <testcase classname="api.Rest_Assured.Get_Request" name="verify_status_line" time="1.124"/>
  <testcase classname="api.Rest_Assured.Get_Request" name="verify_status_code" time="0.212"/>
  <testcase classname="api.Rest_Assured.Get_Request" name="extract_response_data" time="1.946"/>
  <testcase classname="api.Rest_Assured.Get_Request" name="validate_json_response" time="0.475"/>
  <testcase classname="api.Rest_Assured.Get_Request" name="validate_xml_response" time="0.708"/>
  <testcase classname="api.Rest_Assured.Get_Request" name="extract_single_value" time="1.153"/>
</testsuite> <!-- api.Rest_Assured.Get_Request -->
