<?xml version="1.0" encoding="UTF-8"?>
<!-- Generated by org.testng.reporters.JUnitReportReporter -->
<testsuite hostname="DHANAPPA" failures="0" tests="4" name="api.Rest_Assured.Post_Put_Delete" time="3.889" errors="0" timestamp="02 Apr 2023 03:52:53 GMT" skipped="0">
  <testcase classname="api.Rest_Assured.Post_Put_Delete" name="post_request" time="1.092"/>
  <testcase classname="api.Rest_Assured.Post_Put_Delete" name="put_request_by_json" time="0.501"/>
  <testcase classname="api.Rest_Assured.Post_Put_Delete" name="delete_request" time="1.855"/>
  <testcase classname="api.Rest_Assured.Post_Put_Delete" name="post_request_using_JSON_object" time="0.441"/>
</testsuite> <!-- api.Rest_Assured.Post_Put_Delete -->
