<?xml version="1.0" encoding="UTF-8"?>
<!-- Generated by org.testng.reporters.JUnitReportReporter -->
<testsuite hostname="Nadim-Mahmud" failures="0" tests="4" name="api.Rest_Assured.Query_Parameter" time="4.182" errors="0" timestamp="17 Mar 2022 15:02:02 GMT" skipped="0">
  <testcase classname="api.Rest_Assured.Query_Parameter" name="form_parameter" time="3.293"/>
  <testcase classname="api.Rest_Assured.Query_Parameter" name="multiple_query_parameter" time="0.426"/>
  <testcase classname="api.Rest_Assured.Query_Parameter" name="path_parameter" time="0.250"/>
  <testcase classname="api.Rest_Assured.Query_Parameter" name="single_query_parameter" time="0.213"/>
</testsuite> <!-- api.Rest_Assured.Query_Parameter -->
