<?xml version="1.0" encoding="UTF-8"?>
<!-- Generated by org.testng.reporters.JUnitReportReporter -->
<testsuite hostname="DHANAPPA" failures="0" tests="1" name="api.Rest_Assured.Auth" time="3.092" errors="0" timestamp="02 Apr 2023 03:53:04 GMT" skipped="0">
  <testcase classname="api.Rest_Assured.Auth" name="digest_authentication" time="3.092"/>
</testsuite> <!-- api.Rest_Assured.Auth -->
