<?xml version="1.0" encoding="UTF-8"?>
<!-- Generated by org.testng.reporters.JUnitReportReporter -->
<testsuite hostname="DHANAPPA" failures="0" tests="4" name="api.Rest_Assured.Query_Parameter" time="3.839" errors="0" timestamp="02 Apr 2023 03:52:40 GMT" skipped="0">
  <testcase classname="api.Rest_Assured.Query_Parameter" name="form_parameter" time="2.830"/>
  <testcase classname="api.Rest_Assured.Query_Parameter" name="multiple_query_parameter" time="0.721"/>
  <testcase classname="api.Rest_Assured.Query_Parameter" name="single_query_parameter" time="0.121"/>
  <testcase classname="api.Rest_Assured.Query_Parameter" name="path_parameter" time="0.167"/>
</testsuite> <!-- api.Rest_Assured.Query_Parameter -->
