<?xml version="1.0" encoding="UTF-8"?>
<!-- Generated by org.testng.reporters.JUnitReportReporter -->
<testsuite hostname="DHANAPPA" failures="0" tests="6" name="api.Rest_Assured.Get_Request" time="4.822" errors="0" timestamp="02 Apr 2023 06:54:03 GMT" skipped="0">
  <testcase classname="api.Rest_Assured.Get_Request" name="verify_status_line" time="0.594"/>
  <testcase classname="api.Rest_Assured.Get_Request" name="extract_response_data" time="1.850"/>
  <testcase classname="api.Rest_Assured.Get_Request" name="extract_single_value" time="1.321"/>
  <testcase classname="api.Rest_Assured.Get_Request" name="validate_json_response" time="0.336"/>
  <testcase classname="api.Rest_Assured.Get_Request" name="validate_xml_response" time="0.606"/>
  <testcase classname="api.Rest_Assured.Get_Request" name="verify_status_code" time="0.115"/>
</testsuite> <!-- api.Rest_Assured.Get_Request -->
