<?xml version="1.0" encoding="UTF-8"?>
<!-- Generated by org.testng.reporters.JUnitReportReporter -->
<testsuite hostname="Nadim-Mahmud" failures="0" tests="4" name="api.Rest_Assured.Post_Put_Delete" time="7.698" errors="0" timestamp="17 Mar 2022 15:01:49 GMT" skipped="0">
  <testcase classname="api.Rest_Assured.Post_Put_Delete" name="delete_request" time="3.719"/>
  <testcase classname="api.Rest_Assured.Post_Put_Delete" name="post_request_using_JSON_object" time="1.890"/>
  <testcase classname="api.Rest_Assured.Post_Put_Delete" name="post_request" time="1.507"/>
  <testcase classname="api.Rest_Assured.Post_Put_Delete" name="put_request_by_json" time="0.582"/>
</testsuite> <!-- api.Rest_Assured.Post_Put_Delete -->
